TN:
SF:src/domain/entities/log.entity.ts
FN:23,LogEntity
FN:33,Object.<anonymous>.LogEntity.fromJson
FN:49,Object.<anonymous>.LogEntity.fromObject
FNF:3
FNH:2
FNDA:16,LogEntity
FNDA:8,Object.<anonymous>.LogEntity.fromJson
FNDA:0,Object.<anonymous>.LogEntity.fromObject
DA:1,1
DA:2,3
DA:3,3
DA:4,3
DA:5,3
DA:6,3
DA:7,1
DA:8,1
DA:9,1
DA:10,1
DA:11,1
DA:12,1
DA:13,1
DA:14,1
DA:15,1
DA:16,1
DA:17,1
DA:18,1
DA:19,1
DA:20,1
DA:21,1
DA:22,1
DA:23,1
DA:24,16
DA:25,16
DA:26,16
DA:27,16
DA:28,16
DA:29,16
DA:30,16
DA:31,1
DA:32,1
DA:33,1
DA:34,8
DA:35,8
DA:36,8
DA:37,8
DA:38,8
DA:39,8
DA:40,8
DA:41,8
DA:42,8
DA:43,8
DA:44,8
DA:45,8
DA:46,8
DA:47,1
DA:48,1
DA:49,1
DA:50,0
DA:51,0
DA:52,0
DA:53,0
DA:54,0
DA:55,0
DA:56,1
DA:57,1
LF:57
LH:51
BRDA:2,0,0,3
BRDA:23,1,0,16
BRDA:33,2,0,8
BRDA:34,3,0,3
BRDA:34,4,0,5
BRF:5
BRH:5
end_of_record
TN:
SF:src/infrastructure/datasources/file-system.datasource.ts
FN:13,FileSystemDatasource
FN:17,FileSystemDatasource.createLogsFiles
FN:52,FileSystemDatasource.getLogsFromFile
FN:34,saveLog
FN:65,getLogs
FNF:5
FNH:5
FNDA:8,FileSystemDatasource
FNDA:8,FileSystemDatasource.createLogsFiles
FNDA:3,FileSystemDatasource.getLogsFromFile
FNDA:6,saveLog
FNDA:4,getLogs
DA:1,1
DA:2,1
DA:3,1
DA:4,1
DA:5,1
DA:6,1
DA:7,1
DA:8,1
DA:9,1
DA:10,1
DA:11,1
DA:12,1
DA:13,1
DA:14,8
DA:15,8
DA:16,1
DA:17,1
DA:18,8
DA:19,7
DA:20,7
DA:21,8
DA:22,8
DA:23,8
DA:24,8
DA:25,8
DA:26,8
DA:27,24
DA:28,21
DA:29,21
DA:30,8
DA:31,8
DA:32,1
DA:33,1
DA:34,1
DA:35,6
DA:36,6
DA:37,6
DA:38,6
DA:39,6
DA:40,6
DA:41,4
DA:42,6
DA:43,2
DA:44,2
DA:45,2
DA:46,2
DA:47,6
DA:48,6
DA:49,1
DA:50,1
DA:51,1
DA:52,1
DA:53,3
DA:54,3
DA:55,3
DA:56,3
DA:57,3
DA:58,3
DA:59,3
DA:60,3
DA:61,3
DA:62,3
DA:63,1
DA:64,1
DA:65,1
DA:66,4
DA:67,4
DA:68,4
DA:69,1
DA:70,4
DA:71,4
DA:72,1
DA:73,4
DA:74,4
DA:75,1
DA:76,4
DA:77,4
DA:78,1
DA:79,4
DA:80,4
DA:81,4
DA:82,1
DA:83,1
LF:83
LH:83
BRDA:13,0,0,8
BRDA:17,1,0,8
BRDA:18,2,0,7
BRDA:26,3,0,24
BRDA:27,4,0,3
BRDA:28,5,0,21
BRDA:52,6,0,3
BRDA:54,7,0,0
BRDA:34,8,0,6
BRDA:40,9,0,2
BRDA:41,10,0,4
BRDA:42,11,0,2
BRDA:65,12,0,4
BRDA:68,13,0,1
BRDA:71,14,0,1
BRDA:74,15,0,1
BRDA:77,16,0,1
BRF:17
BRH:16
end_of_record
TN:
SF:src/infrastructure/repositories/log.repository.impl.ts
FN:7,LogRepositoryImpl
FN:11,saveLog
FN:15,getLogs
FNF:3
FNH:3
FNDA:1,LogRepositoryImpl
FNDA:1,saveLog
FNDA:1,getLogs
DA:1,1
DA:2,1
DA:3,1
DA:4,1
DA:5,1
DA:6,1
DA:7,1
DA:8,1
DA:9,1
DA:10,1
DA:11,1
DA:12,1
DA:13,1
DA:14,1
DA:15,1
DA:16,1
DA:17,1
DA:18,1
DA:19,1
LF:19
LH:19
BRDA:7,0,0,1
BRDA:11,1,0,1
BRDA:15,2,0,1
BRF:3
BRH:3
end_of_record
TN:
SF:src/presentation/cron/cron-service.ts
FN:8,createJob
FNF:1
FNH:1
FNDA:1,createJob
DA:1,1
DA:2,1
DA:3,1
DA:4,1
DA:5,1
DA:6,1
DA:7,1
DA:8,1
DA:9,1
DA:10,1
DA:11,1
DA:12,1
DA:13,1
DA:14,1
DA:15,1
LF:15
LH:15
BRDA:8,0,0,1
BRF:1
BRH:1
end_of_record
TN:
SF:src/presentation/email/email.service.ts
FN:26,EmailService
FN:28,sendEmail
FN:50,sendEmailWithFileSystemLogs
FNF:3
FNH:3
FNDA:1,EmailService
FNDA:2,sendEmail
FNDA:1,sendEmailWithFileSystemLogs
DA:1,1
DA:2,1
DA:3,1
DA:4,1
DA:5,1
DA:6,1
DA:7,1
DA:8,1
DA:9,1
DA:10,1
DA:11,1
DA:12,1
DA:13,1
DA:14,1
DA:15,1
DA:16,1
DA:17,1
DA:18,1
DA:19,1
DA:20,1
DA:21,1
DA:22,1
DA:23,1
DA:24,1
DA:25,1
DA:26,1
DA:27,1
DA:28,1
DA:29,2
DA:30,2
DA:31,2
DA:32,2
DA:33,2
DA:34,2
DA:35,2
DA:36,2
DA:37,2
DA:38,2
DA:39,2
DA:40,2
DA:41,2
DA:42,2
DA:43,2
DA:44,2
DA:45,0
DA:46,0
DA:47,2
DA:48,2
DA:49,1
DA:50,1
DA:51,1
DA:52,1
DA:53,1
DA:54,1
DA:55,1
DA:56,1
DA:57,1
DA:58,1
DA:59,1
DA:60,1
DA:61,1
DA:62,1
DA:63,1
DA:64,1
DA:65,1
DA:66,1
DA:67,1
DA:68,1
DA:69,1
DA:70,1
LF:70
LH:68
BRDA:26,0,0,1
BRDA:28,1,0,2
BRDA:44,2,0,0
BRDA:50,3,0,1
BRF:4
BRH:3
end_of_record
